<?xml version="1.0" encoding="UTF-8"?>
<testsuite xmlns:xsi="http://www.w3.org/2001/XMLSchema-instance" xsi:noNamespaceSchemaLocation="https://maven.apache.org/surefire/maven-surefire-plugin/xsd/surefire-test-report.xsd" name="org.jeecg.SampleTest" time="0.447" tests="1" errors="1" skipped="0" failures="0">
  <properties>
[...]
</properties>
  <testcase name="initializationError" classname="org.jeecg.SampleTest" time="0.002">
    <error message="Found multiple @SpringBootConfiguration annotated classes [Generic bean: class [org.jeecg.DemoApplication]; scope=; abstract=false; lazyInit=false; autowireMode=0; dependencyCheck=0; autowireCandidate=true; primary=false; factoryBeanName=null; factoryMethodName=null; initMethodName=null; destroyMethodName=null; defined in file [D:\IdeaProjects\jeecg-boot\target\classes\org\jeecg\DemoApplication.class], Generic bean: class [org.jeecg.JeecgApplication]; scope=; abstract=false; lazyInit=false; autowireMode=0; dependencyCheck=0; autowireCandidate=true; primary=false; factoryBeanName=null; factoryMethodName=null; initMethodName=null; destroyMethodName=null; defined in file [D:\IdeaProjects\jeecg-boot\target\classes\org\jeecg\JeecgApplication.class]]" type="java.lang.IllegalStateException">java.lang.IllegalStateException: Found multiple @SpringBootConfiguration annotated classes [Generic bean: class [org.jeecg.DemoApplication]; scope=; abstract=false; lazyInit=false; autowireMode=0; dependencyCheck=0; autowireCandidate=true; primary=false; factoryBeanName=null; factoryMethodName=null; initMethodName=null; destroyMethodName=null; defined in file [D:\IdeaProjects\jeecg-boot\target\classes\org\jeecg\DemoApplication.class], Generic bean: class [org.jeecg.JeecgApplication]; scope=; abstract=false; lazyInit=false; autowireMode=0; dependencyCheck=0; autowireCandidate=true; primary=false; factoryBeanName=null; factoryMethodName=null; initMethodName=null; destroyMethodName=null; defined in file [D:\IdeaProjects\jeecg-boot\target\classes\org\jeecg\JeecgApplication.class]]
</error>
    <system-out><![CDATA[15:32:41.901 [main] DEBUG org.springframework.test.context.junit4.SpringJUnit4ClassRunner - SpringJUnit4ClassRunner constructor called with [class org.jeecg.SampleTest]
15:32:41.908 [main] DEBUG org.springframework.test.context.BootstrapUtils - Instantiating CacheAwareContextLoaderDelegate from class [org.springframework.test.context.cache.DefaultCacheAwareContextLoaderDelegate]
15:32:41.917 [main] DEBUG org.springframework.test.context.BootstrapUtils - Instantiating BootstrapContext using constructor [public org.springframework.test.context.support.DefaultBootstrapContext(java.lang.Class,org.springframework.test.context.CacheAwareContextLoaderDelegate)]
15:32:41.940 [main] DEBUG org.springframework.test.context.BootstrapUtils - Instantiating TestContextBootstrapper for test class [org.jeecg.SampleTest] from class [org.springframework.boot.test.context.SpringBootTestContextBootstrapper]
15:32:41.951 [main] INFO org.springframework.boot.test.context.SpringBootTestContextBootstrapper - Neither @ContextConfiguration nor @ContextHierarchy found for test class [org.jeecg.SampleTest], using SpringBootContextLoader
15:32:41.954 [main] DEBUG org.springframework.test.context.support.AbstractContextLoader - Did not detect default resource location for test class [org.jeecg.SampleTest]: class path resource [org/jeecg/SampleTest-context.xml] does not exist
15:32:41.955 [main] DEBUG org.springframework.test.context.support.AbstractContextLoader - Did not detect default resource location for test class [org.jeecg.SampleTest]: class path resource [org/jeecg/SampleTestContext.groovy] does not exist
15:32:41.955 [main] INFO org.springframework.test.context.support.AbstractContextLoader - Could not detect default resource locations for test class [org.jeecg.SampleTest]: no resource found for suffixes {-context.xml, Context.groovy}.
15:32:41.956 [main] INFO org.springframework.test.context.support.AnnotationConfigContextLoaderUtils - Could not detect default configuration classes for test class [org.jeecg.SampleTest]: SampleTest does not declare any static, non-private, non-final, nested classes annotated with @Configuration.
15:32:41.991 [main] DEBUG org.springframework.test.context.support.ActiveProfilesUtils - Could not find an 'annotation declaring class' for annotation type [org.springframework.test.context.ActiveProfiles] and class [org.jeecg.SampleTest]
15:32:41.998 [main] DEBUG org.springframework.core.env.StandardEnvironment - Adding PropertySource 'systemProperties' with lowest search precedence
15:32:41.998 [main] DEBUG org.springframework.core.env.StandardEnvironment - Adding PropertySource 'systemEnvironment' with lowest search precedence
15:32:41.999 [main] DEBUG org.springframework.core.env.StandardEnvironment - Initialized StandardEnvironment with PropertySources [MapPropertySource@550752602 {name='systemProperties', properties={java.runtime.name=Java(TM) SE Runtime Environment, sun.boot.library.path=D:\Program Files\Java\jdk1.8.0_202\jre\bin, java.vm.version=25.202-b08, user.country.format=HK, java.vm.vendor=Oracle Corporation, java.vendor.url=http://java.oracle.com/, path.separator=;, java.vm.name=Java HotSpot(TM) 64-Bit Server VM, file.encoding.pkg=sun.io, user.country=CN, user.script=, sun.java.launcher=SUN_STANDARD, sun.os.patch.level=, java.vm.specification.name=Java Virtual Machine Specification, user.dir=D:\IdeaProjects\jeecg-boot, java.runtime.version=1.8.0_202-b08, user.script.format=Hans, basedir=D:\IdeaProjects\jeecg-boot, java.awt.graphicsenv=sun.awt.Win32GraphicsEnvironment, java.endorsed.dirs=D:\Program Files\Java\jdk1.8.0_202\jre\lib\endorsed, os.arch=amd64, surefire.real.class.path=C:\Users\Administrator\AppData\Local\Temp\surefire7580997979412651060\surefirebooter3612959542580758463.jar, java.io.tmpdir=C:\Users\Administrator\AppData\Local\Temp\, line.separator=
, java.vm.specification.vendor=Oracle Corporation, user.variant=, os.name=Windows 10, sun.jnu.encoding=GBK, java.library.path=D:\Program Files\Java\jdk1.8.0_202\jre\bin;C:\WINDOWS\Sun\Java\bin;C:\WINDOWS\system32;C:\WINDOWS;C:\Program Files (x86)\Common Files\Oracle\Java\javapath;D:\oracle\product\11.2.0\dbhome_2\bin;C:\WINDOWS\system32;C:\WINDOWS;C:\WINDOWS\System32\Wbem;C:\WINDOWS\System32\WindowsPowerShell\v1.0\;C:\WINDOWS\System32\OpenSSH\;C:\Program Files (x86)\Intel\Intel(R) Management Engine Components\DAL;C:\Program Files\Intel\Intel(R) Management Engine Components\DAL;d:\Program Files\Git\cmd;D:\Program Files\Apache\apache-tomcat-9.0.17\lib;D:\Program Files\Apache\apache-tomcat-9.0.17\bin;D:\Program Files\Java\jdk1.8.0_202\bin;D:\Program Files\Java\jdk1.8.0_202\jre\bin;D:\Program Files\Apache\apache-maven-3.6.0\bin;D:\Program Files\Yarn\bin\;D:\Program Files\mysql-8.0.16\bin;D:\Program Files\nodejs\;D:\Program Files\Redis\;C:\Users\Administrator\AppData\Local\Microsoft\WindowsApps;d:\Program Files\Bandizip\;C:\Users\Administrator\AppData\Local\Yarn\bin;C:\Users\Administrator\AppData\Roaming\npm;., surefire.test.class.path=D:\IdeaProjects\jeecg-boot\target\test-classes;D:\IdeaProjects\jeecg-boot\target\classes;D:\Program Files\Apache\maven-repository\org\apache\httpcomponents\httpclient\4.5.2\httpclient-4.5.2.jar;D:\Program Files\Apache\maven-repository\org\apache\httpcomponents\httpcore\4.4.9\httpcore-4.4.9.jar;D:\Program Files\Apache\maven-repository\commons-codec\commons-codec\1.11\commons-codec-1.11.jar;D:\Program Files\Apache\maven-repository\joda-time\joda-time\2.4\joda-time-2.4.jar;D:\Program Files\Apache\maven-repository\com\oracle\ojdbc6\11.2.0.3\ojdbc6-11.2.0.3.jar;D:\Program Files\Apache\maven-repository\org\springframework\boot\spring-boot-starter-web\2.0.3.RELEASE\spring-boot-starter-web-2.0.3.RELEASE.jar;D:\Program Files\Apache\maven-repository\org\springframework\boot\spring-boot-starter\2.0.3.RELEASE\spring-boot-starter-2.0.3.RELEASE.jar;D:\Program Files\Apache\maven-repository\org\springframework\boot\spring-boot-starter-logging\2.0.3.RELEASE\spring-boot-starter-logging-2.0.3.RELEASE.jar;D:\Program Files\Apache\maven-repository\ch\qos\logback\logback-classic\1.2.3\logback-classic-1.2.3.jar;D:\Program Files\Apache\maven-repository\ch\qos\logback\logback-core\1.2.3\logback-core-1.2.3.jar;D:\Program Files\Apache\maven-repository\org\apache\logging\log4j\log4j-to-slf4j\2.10.0\log4j-to-slf4j-2.10.0.jar;D:\Program Files\Apache\maven-repository\org\apache\logging\log4j\log4j-api\2.10.0\log4j-api-2.10.0.jar;D:\Program Files\Apache\maven-repository\org\slf4j\jul-to-slf4j\1.7.25\jul-to-slf4j-1.7.25.jar;D:\Program Files\Apache\maven-repository\javax\annotation\javax.annotation-api\1.3.2\javax.annotation-api-1.3.2.jar;D:\Program Files\Apache\maven-repository\org\yaml\snakeyaml\1.19\snakeyaml-1.19.jar;D:\Program Files\Apache\maven-repository\org\springframework\boot\spring-boot-starter-json\2.0.3.RELEASE\spring-boot-starter-json-2.0.3.RELEASE.jar;D:\Program Files\Apache\maven-repository\com\fasterxml\jackson\datatype\jackson-datatype-jdk8\2.9.6\jackson-datatype-jdk8-2.9.6.jar;D:\Program Files\Apache\maven-repository\com\fasterxml\jackson\datatype\jackson-datatype-jsr310\2.9.6\jackson-datatype-jsr310-2.9.6.jar;D:\Program Files\Apache\maven-repository\com\fasterxml\jackson\module\jackson-module-parameter-names\2.9.6\jackson-module-parameter-names-2.9.6.jar;D:\Program Files\Apache\maven-repository\org\springframework\boot\spring-boot-starter-tomcat\2.0.3.RELEASE\spring-boot-starter-tomcat-2.0.3.RELEASE.jar;D:\Program Files\Apache\maven-repository\org\apache\tomcat\embed\tomcat-embed-core\8.5.31\tomcat-embed-core-8.5.31.jar;D:\Program Files\Apache\maven-repository\org\apache\tomcat\embed\tomcat-embed-el\8.5.31\tomcat-embed-el-8.5.31.jar;D:\Program Files\Apache\maven-repository\org\apache\tomcat\embed\tomcat-embed-websocket\8.5.31\tomcat-embed-websocket-8.5.31.jar;D:\Program Files\Apache\maven-repository\org\hibernate\validator\hibernate-validator\6.0.10.Final\hibernate-validator-6.0.10.Final.jar;D:\Program Files\Apache\maven-repository\javax\validation\validation-api\2.0.1.Final\validation-api-2.0.1.Final.jar;D:\Program Files\Apache\maven-repository\org\springframework\spring-web\5.0.7.RELEASE\spring-web-5.0.7.RELEASE.jar;D:\Program Files\Apache\maven-repository\org\springframework\spring-beans\5.0.7.RELEASE\spring-beans-5.0.7.RELEASE.jar;D:\Program Files\Apache\maven-repository\org\springframework\spring-webmvc\5.0.7.RELEASE\spring-webmvc-5.0.7.RELEASE.jar;D:\Program Files\Apache\maven-repository\org\springframework\spring-expression\5.0.7.RELEASE\spring-expression-5.0.7.RELEASE.jar;D:\Program Files\Apache\maven-repository\org\springframework\boot\spring-boot-starter-mail\2.0.3.RELEASE\spring-boot-starter-mail-2.0.3.RELEASE.jar;D:\Program Files\Apache\maven-repository\org\springframework\spring-context\5.0.7.RELEASE\spring-context-5.0.7.RELEASE.jar;D:\Program Files\Apache\maven-repository\org\springframework\spring-context-support\5.0.7.RELEASE\spring-context-support-5.0.7.RELEASE.jar;D:\Program Files\Apache\maven-repository\com\sun\mail\javax.mail\1.6.1\javax.mail-1.6.1.jar;D:\Program Files\Apache\maven-repository\javax\activation\activation\1.1\activation-1.1.jar;D:\Program Files\Apache\maven-repository\org\springframework\boot\spring-boot-starter-test\2.0.3.RELEASE\spring-boot-starter-test-2.0.3.RELEASE.jar;D:\Program Files\Apache\maven-repository\org\springframework\boot\spring-boot-test\2.0.3.RELEASE\spring-boot-test-2.0.3.RELEASE.jar;D:\Program Files\Apache\maven-repository\org\springframework\boot\spring-boot-test-autoconfigure\2.0.3.RELEASE\spring-boot-test-autoconfigure-2.0.3.RELEASE.jar;D:\Program Files\Apache\maven-repository\com\jayway\jsonpath\json-path\2.4.0\json-path-2.4.0.jar;D:\Program Files\Apache\maven-repository\net\minidev\json-smart\2.3\json-smart-2.3.jar;D:\Program Files\Apache\maven-repository\net\minidev\accessors-smart\1.2\accessors-smart-1.2.jar;D:\Program Files\Apache\maven-repository\org\ow2\asm\asm\5.0.4\asm-5.0.4.jar;D:\Program Files\Apache\maven-repository\junit\junit\4.12\junit-4.12.jar;D:\Program Files\Apache\maven-repository\org\assertj\assertj-core\3.9.1\assertj-core-3.9.1.jar;D:\Program Files\Apache\maven-repository\org\mockito\mockito-core\2.15.0\mockito-core-2.15.0.jar;D:\Program Files\Apache\maven-repository\net\bytebuddy\byte-buddy\1.7.11\byte-buddy-1.7.11.jar;D:\Program Files\Apache\maven-repository\net\bytebuddy\byte-buddy-agent\1.7.11\byte-buddy-agent-1.7.11.jar;D:\Program Files\Apache\maven-repository\org\objenesis\objenesis\2.6\objenesis-2.6.jar;D:\Program Files\Apache\maven-repository\org\hamcrest\hamcrest-core\1.3\hamcrest-core-1.3.jar;D:\Program Files\Apache\maven-repository\org\hamcrest\hamcrest-library\1.3\hamcrest-library-1.3.jar;D:\Program Files\Apache\maven-repository\org\skyscreamer\jsonassert\1.5.0\jsonassert-1.5.0.jar;D:\Program Files\Apache\maven-repository\com\vaadin\external\google\android-json\0.0.20131108.vaadin1\android-json-0.0.20131108.vaadin1.jar;D:\Program Files\Apache\maven-repository\org\springframework\spring-core\5.0.7.RELEASE\spring-core-5.0.7.RELEASE.jar;D:\Program Files\Apache\maven-repository\org\springframework\spring-jcl\5.0.7.RELEASE\spring-jcl-5.0.7.RELEASE.jar;D:\Program Files\Apache\maven-repository\org\springframework\spring-test\5.0.7.RELEASE\spring-test-5.0.7.RELEASE.jar;D:\Program Files\Apache\maven-repository\org\xmlunit\xmlunit-core\2.5.1\xmlunit-core-2.5.1.jar;D:\Program Files\Apache\maven-repository\org\springframework\boot\spring-boot-starter-aop\2.0.3.RELEASE\spring-boot-starter-aop-2.0.3.RELEASE.jar;D:\Program Files\Apache\maven-repository\org\springframework\spring-aop\5.0.7.RELEASE\spring-aop-5.0.7.RELEASE.jar;D:\Program Files\Apache\maven-repository\org\aspectj\aspectjweaver\1.8.13\aspectjweaver-1.8.13.jar;D:\Program Files\Apache\maven-repository\org\springframework\boot\spring-boot-starter-actuator\2.0.3.RELEASE\spring-boot-starter-actuator-2.0.3.RELEASE.jar;D:\Program Files\Apache\maven-repository\org\springframework\boot\spring-boot-actuator-autoconfigure\2.0.3.RELEASE\spring-boot-actuator-autoconfigure-2.0.3.RELEASE.jar;D:\Program Files\Apache\maven-repository\org\springframework\boot\spring-boot-actuator\2.0.3.RELEASE\spring-boot-actuator-2.0.3.RELEASE.jar;D:\Program Files\Apache\maven-repository\io\micrometer\micrometer-core\1.0.5\micrometer-core-1.0.5.jar;D:\Program Files\Apache\maven-repository\org\hdrhistogram\HdrHistogram\2.1.10\HdrHistogram-2.1.10.jar;D:\Program Files\Apache\maven-repository\org\latencyutils\LatencyUtils\2.0.3\LatencyUtils-2.0.3.jar;D:\Program Files\Apache\maven-repository\org\springframework\boot\spring-boot-devtools\2.0.3.RELEASE\spring-boot-devtools-2.0.3.RELEASE.jar;D:\Program Files\Apache\maven-repository\org\springframework\boot\spring-boot\2.0.3.RELEASE\spring-boot-2.0.3.RELEASE.jar;D:\Program Files\Apache\maven-repository\org\springframework\boot\spring-boot-autoconfigure\2.0.3.RELEASE\spring-boot-autoconfigure-2.0.3.RELEASE.jar;D:\Program Files\Apache\maven-repository\commons-io\commons-io\2.6\commons-io-2.6.jar;D:\Program Files\Apache\maven-repository\commons-lang\commons-lang\2.6\commons-lang-2.6.jar;D:\Program Files\Apache\maven-repository\org\springframework\boot\spring-boot-starter-freemarker\2.0.3.RELEASE\spring-boot-starter-freemarker-2.0.3.RELEASE.jar;D:\Program Files\Apache\maven-repository\org\freemarker\freemarker\2.3.28\freemarker-2.3.28.jar;D:\Program Files\Apache\maven-repository\org\projectlombok\lombok\1.16.22\lombok-1.16.22.jar;D:\Program Files\Apache\maven-repository\com\baomidou\mybatis-plus-boot-starter\3.0.6\mybatis-plus-boot-starter-3.0.6.jar;D:\Program Files\Apache\maven-repository\com\baomidou\mybatis-plus\3.0.6\mybatis-plus-3.0.6.jar;D:\Program Files\Apache\maven-repository\com\baomidou\mybatis-plus-extension\3.0.6\mybatis-plus-extension-3.0.6.jar;D:\Program Files\Apache\maven-repository\com\baomidou\mybatis-plus-core\3.0.6\mybatis-plus-core-3.0.6.jar;D:\Program Files\Apache\maven-repository\com\baomidou\mybatis-plus-annotation\3.0.6\mybatis-plus-annotation-3.0.6.jar;D:\Program Files\Apache\maven-repository\com\github\jsqlparser\jsqlparser\1.2\jsqlparser-1.2.jar;D:\Program Files\Apache\maven-repository\org\mybatis\mybatis-spring\1.3.2\mybatis-spring-1.3.2.jar;D:\Program Files\Apache\maven-repository\org\mybatis\mybatis\3.4.6\mybatis-3.4.6.jar;D:\Program Files\Apache\maven-repository\com\baomidou\mybatis-plus-generator\3.0.6\mybatis-plus-generator-3.0.6.jar;D:\Program Files\Apache\maven-repository\org\springframework\boot\spring-boot-starter-jdbc\2.0.3.RELEASE\spring-boot-starter-jdbc-2.0.3.RELEASE.jar;D:\Program Files\Apache\maven-repository\com\zaxxer\HikariCP\2.7.9\HikariCP-2.7.9.jar;D:\Program Files\Apache\maven-repository\org\springframework\spring-jdbc\5.0.7.RELEASE\spring-jdbc-5.0.7.RELEASE.jar;D:\Program Files\Apache\maven-repository\org\springframework\boot\spring-boot-configuration-processor\2.0.3.RELEASE\spring-boot-configuration-processor-2.0.3.RELEASE.jar;D:\Program Files\Apache\maven-repository\com\alibaba\druid-spring-boot-starter\1.1.10\druid-spring-boot-starter-1.1.10.jar;D:\Program Files\Apache\maven-repository\com\alibaba\druid\1.1.10\druid-1.1.10.jar;D:\Program Files\Apache\maven-repository\org\slf4j\slf4j-api\1.7.25\slf4j-api-1.7.25.jar;D:\Program Files\Apache\maven-repository\com\baomidou\dynamic-datasource-spring-boot-starter\2.5.0\dynamic-datasource-spring-boot-starter-2.5.0.jar;D:\Program Files\Apache\maven-repository\com\alibaba\fastjson\1.2.35\fastjson-1.2.35.jar;D:\Program Files\Apache\maven-repository\mysql\mysql-connector-java\5.1.46\mysql-connector-java-5.1.46.jar;D:\Program Files\Apache\maven-repository\org\springframework\boot\spring-boot-starter-quartz\2.0.3.RELEASE\spring-boot-starter-quartz-2.0.3.RELEASE.jar;D:\Program Files\Apache\maven-repository\org\springframework\spring-tx\5.0.7.RELEASE\spring-tx-5.0.7.RELEASE.jar;D:\Program Files\Apache\maven-repository\org\quartz-scheduler\quartz\2.3.0\quartz-2.3.0.jar;D:\Program Files\Apache\maven-repository\com\mchange\mchange-commons-java\0.2.11\mchange-commons-java-0.2.11.jar;D:\Program Files\Apache\maven-repository\com\auth0\java-jwt\3.4.1\java-jwt-3.4.1.jar;D:\Program Files\Apache\maven-repository\com\fasterxml\jackson\core\jackson-databind\2.9.6\jackson-databind-2.9.6.jar;D:\Program Files\Apache\maven-repository\com\fasterxml\jackson\core\jackson-annotations\2.9.0\jackson-annotations-2.9.0.jar;D:\Program Files\Apache\maven-repository\com\fasterxml\jackson\core\jackson-core\2.9.6\jackson-core-2.9.6.jar;D:\Program Files\Apache\maven-repository\org\apache\shiro\shiro-spring-boot-starter\1.4.0-RC2\shiro-spring-boot-starter-1.4.0-RC2.jar;D:\Program Files\Apache\maven-repository\org\apache\shiro\shiro-spring\1.4.0-RC2\shiro-spring-1.4.0-RC2.jar;D:\Program Files\Apache\maven-repository\org\apache\shiro\shiro-core\1.4.0-RC2\shiro-core-1.4.0-RC2.jar;D:\Program Files\Apache\maven-repository\org\apache\shiro\shiro-lang\1.4.0-RC2\shiro-lang-1.4.0-RC2.jar;D:\Program Files\Apache\maven-repository\org\apache\shiro\shiro-cache\1.4.0-RC2\shiro-cache-1.4.0-RC2.jar;D:\Program Files\Apache\maven-repository\org\apache\shiro\shiro-crypto-hash\1.4.0-RC2\shiro-crypto-hash-1.4.0-RC2.jar;D:\Program Files\Apache\maven-repository\org\apache\shiro\shiro-crypto-core\1.4.0-RC2\shiro-crypto-core-1.4.0-RC2.jar;D:\Program Files\Apache\maven-repository\org\apache\shiro\shiro-crypto-cipher\1.4.0-RC2\shiro-crypto-cipher-1.4.0-RC2.jar;D:\Program Files\Apache\maven-repository\org\apache\shiro\shiro-config-core\1.4.0-RC2\shiro-config-core-1.4.0-RC2.jar;D:\Program Files\Apache\maven-repository\org\apache\shiro\shiro-config-ogdl\1.4.0-RC2\shiro-config-ogdl-1.4.0-RC2.jar;D:\Program Files\Apache\maven-repository\commons-beanutils\commons-beanutils\1.9.3\commons-beanutils-1.9.3.jar;D:\Program Files\Apache\maven-repository\commons-collections\commons-collections\3.2.2\commons-collections-3.2.2.jar;D:\Program Files\Apache\maven-repository\org\apache\shiro\shiro-event\1.4.0-RC2\shiro-event-1.4.0-RC2.jar;D:\Program Files\Apache\maven-repository\org\apache\shiro\shiro-web\1.4.0-RC2\shiro-web-1.4.0-RC2.jar;D:\Program Files\Apache\maven-repository\io\springfox\springfox-swagger2\2.9.2\springfox-swagger2-2.9.2.jar;D:\Program Files\Apache\maven-repository\io\swagger\swagger-annotations\1.5.20\swagger-annotations-1.5.20.jar;D:\Program Files\Apache\maven-repository\io\swagger\swagger-models\1.5.20\swagger-models-1.5.20.jar;D:\Program Files\Apache\maven-repository\io\springfox\springfox-spi\2.9.2\springfox-spi-2.9.2.jar;D:\Program Files\Apache\maven-repository\io\springfox\springfox-core\2.9.2\springfox-core-2.9.2.jar;D:\Program Files\Apache\maven-repository\io\springfox\springfox-schema\2.9.2\springfox-schema-2.9.2.jar;D:\Program Files\Apache\maven-repository\io\springfox\springfox-swagger-common\2.9.2\springfox-swagger-common-2.9.2.jar;D:\Program Files\Apache\maven-repository\io\springfox\springfox-spring-web\2.9.2\springfox-spring-web-2.9.2.jar;D:\Program Files\Apache\maven-repository\com\google\guava\guava\20.0\guava-20.0.jar;D:\Program Files\Apache\maven-repository\com\fasterxml\classmate\1.3.4\classmate-1.3.4.jar;D:\Program Files\Apache\maven-repository\org\springframework\plugin\spring-plugin-core\1.2.0.RELEASE\spring-plugin-core-1.2.0.RELEASE.jar;D:\Program Files\Apache\maven-repository\org\springframework\plugin\spring-plugin-metadata\1.2.0.RELEASE\spring-plugin-metadata-1.2.0.RELEASE.jar;D:\Program Files\Apache\maven-repository\org\mapstruct\mapstruct\1.2.0.Final\mapstruct-1.2.0.Final.jar;D:\Program Files\Apache\maven-repository\io\springfox\springfox-swagger-ui\2.9.2\springfox-swagger-ui-2.9.2.jar;D:\Program Files\Apache\maven-repository\org\springframework\boot\spring-boot-starter-data-redis\2.0.3.RELEASE\spring-boot-starter-data-redis-2.0.3.RELEASE.jar;D:\Program Files\Apache\maven-repository\org\springframework\data\spring-data-redis\2.0.8.RELEASE\spring-data-redis-2.0.8.RELEASE.jar;D:\Program Files\Apache\maven-repository\org\springframework\data\spring-data-keyvalue\2.0.8.RELEASE\spring-data-keyvalue-2.0.8.RELEASE.jar;D:\Program Files\Apache\maven-repository\org\springframework\data\spring-data-commons\2.0.8.RELEASE\spring-data-commons-2.0.8.RELEASE.jar;D:\Program Files\Apache\maven-repository\org\springframework\spring-oxm\5.0.7.RELEASE\spring-oxm-5.0.7.RELEASE.jar;D:\Program Files\Apache\maven-repository\io\lettuce\lettuce-core\5.0.4.RELEASE\lettuce-core-5.0.4.RELEASE.jar;D:\Program Files\Apache\maven-repository\io\projectreactor\reactor-core\3.1.8.RELEASE\reactor-core-3.1.8.RELEASE.jar;D:\Program Files\Apache\maven-repository\org\reactivestreams\reactive-streams\1.0.2\reactive-streams-1.0.2.jar;D:\Program Files\Apache\maven-repository\io\netty\netty-common\4.1.25.Final\netty-common-4.1.25.Final.jar;D:\Program Files\Apache\maven-repository\io\netty\netty-transport\4.1.25.Final\netty-transport-4.1.25.Final.jar;D:\Program Files\Apache\maven-repository\io\netty\netty-buffer\4.1.25.Final\netty-buffer-4.1.25.Final.jar;D:\Program Files\Apache\maven-repository\io\netty\netty-resolver\4.1.25.Final\netty-resolver-4.1.25.Final.jar;D:\Program Files\Apache\maven-repository\io\netty\netty-handler\4.1.25.Final\netty-handler-4.1.25.Final.jar;D:\Program Files\Apache\maven-repository\io\netty\netty-codec\4.1.25.Final\netty-codec-4.1.25.Final.jar;D:\Program Files\Apache\maven-repository\org\apache\commons\commons-pool2\2.5.0\commons-pool2-2.5.0.jar;D:\Program Files\Apache\maven-repository\org\jeecgframework\boot\codegenerate\1.0.2\codegenerate-1.0.2.jar;D:\Program Files\Apache\maven-repository\org\postgresql\postgresql\42.2.2\postgresql-42.2.2.jar;D:\Program Files\Apache\maven-repository\org\jeecgframework\autopoi-web\1.0.2\autopoi-web-1.0.2.jar;D:\Program Files\Apache\maven-repository\org\jeecgframework\autopoi\1.0.2\autopoi-1.0.2.jar;D:\Program Files\Apache\maven-repository\org\apache\poi\poi\3.9\poi-3.9.jar;D:\Program Files\Apache\maven-repository\org\apache\poi\poi-ooxml\3.9\poi-ooxml-3.9.jar;D:\Program Files\Apache\maven-repository\org\apache\poi\poi-ooxml-schemas\3.9\poi-ooxml-schemas-3.9.jar;D:\Program Files\Apache\maven-repository\org\apache\xmlbeans\xmlbeans\2.3.0\xmlbeans-2.3.0.jar;D:\Program Files\Apache\maven-repository\stax\stax-api\1.0.1\stax-api-1.0.1.jar;D:\Program Files\Apache\maven-repository\xerces\xercesImpl\2.9.1\xercesImpl-2.9.1.jar;D:\Program Files\Apache\maven-repository\xml-apis\xml-apis\1.4.01\xml-apis-1.4.01.jar;D:\Program Files\Apache\maven-repository\org\apache\poi\poi-scratchpad\3.9\poi-scratchpad-3.9.jar;D:\Program Files\Apache\maven-repository\org\apache\commons\commons-lang3\3.7\commons-lang3-3.7.jar;D:\Program Files\Apache\maven-repository\org\hibernate\hibernate-core\4.1.0.Final\hibernate-core-4.1.0.Final.jar;D:\Program Files\Apache\maven-repository\antlr\antlr\2.7.7\antlr-2.7.7.jar;D:\Program Files\Apache\maven-repository\org\jboss\spec\javax\transaction\jboss-transaction-api_1.1_spec\1.0.0.Final\jboss-transaction-api_1.1_spec-1.0.0.Final.jar;D:\Program Files\Apache\maven-repository\dom4j\dom4j\1.6.1\dom4j-1.6.1.jar;D:\Program Files\Apache\maven-repository\org\hibernate\javax\persistence\hibernate-jpa-2.0-api\1.0.1.Final\hibernate-jpa-2.0-api-1.0.1.Final.jar;D:\Program Files\Apache\maven-repository\org\jboss\logging\jboss-logging\3.3.2.Final\jboss-logging-3.3.2.Final.jar;D:\Program Files\Apache\maven-repository\org\javassist\javassist\3.15.0-GA\javassist-3.15.0-GA.jar;D:\Program Files\Apache\maven-repository\org\hibernate\common\hibernate-commons-annotations\4.0.1.Final\hibernate-commons-annotations-4.0.1.Final.jar;, java.specification.name=Java Platform API Specification, java.class.version=52.0, sun.management.compiler=HotSpot 64-Bit Tiered Compilers, maven.repo.local=D:\Program Files\Apache\maven-repository, os.version=10.0, user.home=C:\Users\Administrator, user.timezone=Asia/Shanghai, java.awt.printerjob=sun.awt.windows.WPrinterJob, file.encoding=GBK, java.specification.version=1.8, java.class.path=D:\IdeaProjects\jeecg-boot\target\test-classes;D:\IdeaProjects\jeecg-boot\target\classes;D:\Program Files\Apache\maven-repository\org\apache\httpcomponents\httpclient\4.5.2\httpclient-4.5.2.jar;D:\Program Files\Apache\maven-repository\org\apache\httpcomponents\httpcore\4.4.9\httpcore-4.4.9.jar;D:\Program Files\Apache\maven-repository\commons-codec\commons-codec\1.11\commons-codec-1.11.jar;D:\Program Files\Apache\maven-repository\joda-time\joda-time\2.4\joda-time-2.4.jar;D:\Program Files\Apache\maven-repository\com\oracle\ojdbc6\11.2.0.3\ojdbc6-11.2.0.3.jar;D:\Program Files\Apache\maven-repository\org\springframework\boot\spring-boot-starter-web\2.0.3.RELEASE\spring-boot-starter-web-2.0.3.RELEASE.jar;D:\Program Files\Apache\maven-repository\org\springframework\boot\spring-boot-starter\2.0.3.RELEASE\spring-boot-starter-2.0.3.RELEASE.jar;D:\Program Files\Apache\maven-repository\org\springframework\boot\spring-boot-starter-logging\2.0.3.RELEASE\spring-boot-starter-logging-2.0.3.RELEASE.jar;D:\Program Files\Apache\maven-repository\ch\qos\logback\logback-classic\1.2.3\logback-classic-1.2.3.jar;D:\Program Files\Apache\maven-repository\ch\qos\logback\logback-core\1.2.3\logback-core-1.2.3.jar;D:\Program Files\Apache\maven-repository\org\apache\logging\log4j\log4j-to-slf4j\2.10.0\log4j-to-slf4j-2.10.0.jar;D:\Program Files\Apache\maven-repository\org\apache\logging\log4j\log4j-api\2.10.0\log4j-api-2.10.0.jar;D:\Program Files\Apache\maven-repository\org\slf4j\jul-to-slf4j\1.7.25\jul-to-slf4j-1.7.25.jar;D:\Program Files\Apache\maven-repository\javax\annotation\javax.annotation-api\1.3.2\javax.annotation-api-1.3.2.jar;D:\Program Files\Apache\maven-repository\org\yaml\snakeyaml\1.19\snakeyaml-1.19.jar;D:\Program Files\Apache\maven-repository\org\springframework\boot\spring-boot-starter-json\2.0.3.RELEASE\spring-boot-starter-json-2.0.3.RELEASE.jar;D:\Program Files\Apache\maven-repository\com\fasterxml\jackson\datatype\jackson-datatype-jdk8\2.9.6\jackson-datatype-jdk8-2.9.6.jar;D:\Program Files\Apache\maven-repository\com\fasterxml\jackson\datatype\jackson-datatype-jsr310\2.9.6\jackson-datatype-jsr310-2.9.6.jar;D:\Program Files\Apache\maven-repository\com\fasterxml\jackson\module\jackson-module-parameter-names\2.9.6\jackson-module-parameter-names-2.9.6.jar;D:\Program Files\Apache\maven-repository\org\springframework\boot\spring-boot-starter-tomcat\2.0.3.RELEASE\spring-boot-starter-tomcat-2.0.3.RELEASE.jar;D:\Program Files\Apache\maven-repository\org\apache\tomcat\embed\tomcat-embed-core\8.5.31\tomcat-embed-core-8.5.31.jar;D:\Program Files\Apache\maven-repository\org\apache\tomcat\embed\tomcat-embed-el\8.5.31\tomcat-embed-el-8.5.31.jar;D:\Program Files\Apache\maven-repository\org\apache\tomcat\embed\tomcat-embed-websocket\8.5.31\tomcat-embed-websocket-8.5.31.jar;D:\Program Files\Apache\maven-repository\org\hibernate\validator\hibernate-validator\6.0.10.Final\hibernate-validator-6.0.10.Final.jar;D:\Program Files\Apache\maven-repository\javax\validation\validation-api\2.0.1.Final\validation-api-2.0.1.Final.jar;D:\Program Files\Apache\maven-repository\org\springframework\spring-web\5.0.7.RELEASE\spring-web-5.0.7.RELEASE.jar;D:\Program Files\Apache\maven-repository\org\springframework\spring-beans\5.0.7.RELEASE\spring-beans-5.0.7.RELEASE.jar;D:\Program Files\Apache\maven-repository\org\springframework\spring-webmvc\5.0.7.RELEASE\spring-webmvc-5.0.7.RELEASE.jar;D:\Program Files\Apache\maven-repository\org\springframework\spring-expression\5.0.7.RELEASE\spring-expression-5.0.7.RELEASE.jar;D:\Program Files\Apache\maven-repository\org\springframework\boot\spring-boot-starter-mail\2.0.3.RELEASE\spring-boot-starter-mail-2.0.3.RELEASE.jar;D:\Program Files\Apache\maven-repository\org\springframework\spring-context\5.0.7.RELEASE\spring-context-5.0.7.RELEASE.jar;D:\Program Files\Apache\maven-repository\org\springframework\spring-context-support\5.0.7.RELEASE\spring-context-support-5.0.7.RELEASE.jar;D:\Program Files\Apache\maven-repository\com\sun\mail\javax.mail\1.6.1\javax.mail-1.6.1.jar;D:\Program Files\Apache\maven-repository\javax\activation\activation\1.1\activation-1.1.jar;D:\Program Files\Apache\maven-repository\org\springframework\boot\spring-boot-starter-test\2.0.3.RELEASE\spring-boot-starter-test-2.0.3.RELEASE.jar;D:\Program Files\Apache\maven-repository\org\springframework\boot\spring-boot-test\2.0.3.RELEASE\spring-boot-test-2.0.3.RELEASE.jar;D:\Program Files\Apache\maven-repository\org\springframework\boot\spring-boot-test-autoconfigure\2.0.3.RELEASE\spring-boot-test-autoconfigure-2.0.3.RELEASE.jar;D:\Program Files\Apache\maven-repository\com\jayway\jsonpath\json-path\2.4.0\json-path-2.4.0.jar;D:\Program Files\Apache\maven-repository\net\minidev\json-smart\2.3\json-smart-2.3.jar;D:\Program Files\Apache\maven-repository\net\minidev\accessors-smart\1.2\accessors-smart-1.2.jar;D:\Program Files\Apache\maven-repository\org\ow2\asm\asm\5.0.4\asm-5.0.4.jar;D:\Program Files\Apache\maven-repository\junit\junit\4.12\junit-4.12.jar;D:\Program Files\Apache\maven-repository\org\assertj\assertj-core\3.9.1\assertj-core-3.9.1.jar;D:\Program Files\Apache\maven-repository\org\mockito\mockito-core\2.15.0\mockito-core-2.15.0.jar;D:\Program Files\Apache\maven-repository\net\bytebuddy\byte-buddy\1.7.11\byte-buddy-1.7.11.jar;D:\Program Files\Apache\maven-repository\net\bytebuddy\byte-buddy-agent\1.7.11\byte-buddy-agent-1.7.11.jar;D:\Program Files\Apache\maven-repository\org\objenesis\objenesis\2.6\objenesis-2.6.jar;D:\Program Files\Apache\maven-repository\org\hamcrest\hamcrest-core\1.3\hamcrest-core-1.3.jar;D:\Program Files\Apache\maven-repository\org\hamcrest\hamcrest-library\1.3\hamcrest-library-1.3.jar;D:\Program Files\Apache\maven-repository\org\skyscreamer\jsonassert\1.5.0\jsonassert-1.5.0.jar;D:\Program Files\Apache\maven-repository\com\vaadin\external\google\android-json\0.0.20131108.vaadin1\android-json-0.0.20131108.vaadin1.jar;D:\Program Files\Apache\maven-repository\org\springframework\spring-core\5.0.7.RELEASE\spring-core-5.0.7.RELEASE.jar;D:\Program Files\Apache\maven-repository\org\springframework\spring-jcl\5.0.7.RELEASE\spring-jcl-5.0.7.RELEASE.jar;D:\Program Files\Apache\maven-repository\org\springframework\spring-test\5.0.7.RELEASE\spring-test-5.0.7.RELEASE.jar;D:\Program Files\Apache\maven-repository\org\xmlunit\xmlunit-core\2.5.1\xmlunit-core-2.5.1.jar;D:\Program Files\Apache\maven-repository\org\springframework\boot\spring-boot-starter-aop\2.0.3.RELEASE\spring-boot-starter-aop-2.0.3.RELEASE.jar;D:\Program Files\Apache\maven-repository\org\springframework\spring-aop\5.0.7.RELEASE\spring-aop-5.0.7.RELEASE.jar;D:\Program Files\Apache\maven-repository\org\aspectj\aspectjweaver\1.8.13\aspectjweaver-1.8.13.jar;D:\Program Files\Apache\maven-repository\org\springframework\boot\spring-boot-starter-actuator\2.0.3.RELEASE\spring-boot-starter-actuator-2.0.3.RELEASE.jar;D:\Program Files\Apache\maven-repository\org\springframework\boot\spring-boot-actuator-autoconfigure\2.0.3.RELEASE\spring-boot-actuator-autoconfigure-2.0.3.RELEASE.jar;D:\Program Files\Apache\maven-repository\org\springframework\boot\spring-boot-actuator\2.0.3.RELEASE\spring-boot-actuator-2.0.3.RELEASE.jar;D:\Program Files\Apache\maven-repository\io\micrometer\micrometer-core\1.0.5\micrometer-core-1.0.5.jar;D:\Program Files\Apache\maven-repository\org\hdrhistogram\HdrHistogram\2.1.10\HdrHistogram-2.1.10.jar;D:\Program Files\Apache\maven-repository\org\latencyutils\LatencyUtils\2.0.3\LatencyUtils-2.0.3.jar;D:\Program Files\Apache\maven-repository\org\springframework\boot\spring-boot-devtools\2.0.3.RELEASE\spring-boot-devtools-2.0.3.RELEASE.jar;D:\Program Files\Apache\maven-repository\org\springframework\boot\spring-boot\2.0.3.RELEASE\spring-boot-2.0.3.RELEASE.jar;D:\Program Files\Apache\maven-repository\org\springframework\boot\spring-boot-autoconfigure\2.0.3.RELEASE\spring-boot-autoconfigure-2.0.3.RELEASE.jar;D:\Program Files\Apache\maven-repository\commons-io\commons-io\2.6\commons-io-2.6.jar;D:\Program Files\Apache\maven-repository\commons-lang\commons-lang\2.6\commons-lang-2.6.jar;D:\Program Files\Apache\maven-repository\org\springframework\boot\spring-boot-starter-freemarker\2.0.3.RELEASE\spring-boot-starter-freemarker-2.0.3.RELEASE.jar;D:\Program Files\Apache\maven-repository\org\freemarker\freemarker\2.3.28\freemarker-2.3.28.jar;D:\Program Files\Apache\maven-repository\org\projectlombok\lombok\1.16.22\lombok-1.16.22.jar;D:\Program Files\Apache\maven-repository\com\baomidou\mybatis-plus-boot-starter\3.0.6\mybatis-plus-boot-starter-3.0.6.jar;D:\Program Files\Apache\maven-repository\com\baomidou\mybatis-plus\3.0.6\mybatis-plus-3.0.6.jar;D:\Program Files\Apache\maven-repository\com\baomidou\mybatis-plus-extension\3.0.6\mybatis-plus-extension-3.0.6.jar;D:\Program Files\Apache\maven-repository\com\baomidou\mybatis-plus-core\3.0.6\mybatis-plus-core-3.0.6.jar;D:\Program Files\Apache\maven-repository\com\baomidou\mybatis-plus-annotation\3.0.6\mybatis-plus-annotation-3.0.6.jar;D:\Program Files\Apache\maven-repository\com\github\jsqlparser\jsqlparser\1.2\jsqlparser-1.2.jar;D:\Program Files\Apache\maven-repository\org\mybatis\mybatis-spring\1.3.2\mybatis-spring-1.3.2.jar;D:\Program Files\Apache\maven-repository\org\mybatis\mybatis\3.4.6\mybatis-3.4.6.jar;D:\Program Files\Apache\maven-repository\com\baomidou\mybatis-plus-generator\3.0.6\mybatis-plus-generator-3.0.6.jar;D:\Program Files\Apache\maven-repository\org\springframework\boot\spring-boot-starter-jdbc\2.0.3.RELEASE\spring-boot-starter-jdbc-2.0.3.RELEASE.jar;D:\Program Files\Apache\maven-repository\com\zaxxer\HikariCP\2.7.9\HikariCP-2.7.9.jar;D:\Program Files\Apache\maven-repository\org\springframework\spring-jdbc\5.0.7.RELEASE\spring-jdbc-5.0.7.RELEASE.jar;D:\Program Files\Apache\maven-repository\org\springframework\boot\spring-boot-configuration-processor\2.0.3.RELEASE\spring-boot-configuration-processor-2.0.3.RELEASE.jar;D:\Program Files\Apache\maven-repository\com\alibaba\druid-spring-boot-starter\1.1.10\druid-spring-boot-starter-1.1.10.jar;D:\Program Files\Apache\maven-repository\com\alibaba\druid\1.1.10\druid-1.1.10.jar;D:\Program Files\Apache\maven-repository\org\slf4j\slf4j-api\1.7.25\slf4j-api-1.7.25.jar;D:\Program Files\Apache\maven-repository\com\baomidou\dynamic-datasource-spring-boot-starter\2.5.0\dynamic-datasource-spring-boot-starter-2.5.0.jar;D:\Program Files\Apache\maven-repository\com\alibaba\fastjson\1.2.35\fastjson-1.2.35.jar;D:\Program Files\Apache\maven-repository\mysql\mysql-connector-java\5.1.46\mysql-connector-java-5.1.46.jar;D:\Program Files\Apache\maven-repository\org\springframework\boot\spring-boot-starter-quartz\2.0.3.RELEASE\spring-boot-starter-quartz-2.0.3.RELEASE.jar;D:\Program Files\Apache\maven-repository\org\springframework\spring-tx\5.0.7.RELEASE\spring-tx-5.0.7.RELEASE.jar;D:\Program Files\Apache\maven-repository\org\quartz-scheduler\quartz\2.3.0\quartz-2.3.0.jar;D:\Program Files\Apache\maven-repository\com\mchange\mchange-commons-java\0.2.11\mchange-commons-java-0.2.11.jar;D:\Program Files\Apache\maven-repository\com\auth0\java-jwt\3.4.1\java-jwt-3.4.1.jar;D:\Program Files\Apache\maven-repository\com\fasterxml\jackson\core\jackson-databind\2.9.6\jackson-databind-2.9.6.jar;D:\Program Files\Apache\maven-repository\com\fasterxml\jackson\core\jackson-annotations\2.9.0\jackson-annotations-2.9.0.jar;D:\Program Files\Apache\maven-repository\com\fasterxml\jackson\core\jackson-core\2.9.6\jackson-core-2.9.6.jar;D:\Program Files\Apache\maven-repository\org\apache\shiro\shiro-spring-boot-starter\1.4.0-RC2\shiro-spring-boot-starter-1.4.0-RC2.jar;D:\Program Files\Apache\maven-repository\org\apache\shiro\shiro-spring\1.4.0-RC2\shiro-spring-1.4.0-RC2.jar;D:\Program Files\Apache\maven-repository\org\apache\shiro\shiro-core\1.4.0-RC2\shiro-core-1.4.0-RC2.jar;D:\Program Files\Apache\maven-repository\org\apache\shiro\shiro-lang\1.4.0-RC2\shiro-lang-1.4.0-RC2.jar;D:\Program Files\Apache\maven-repository\org\apache\shiro\shiro-cache\1.4.0-RC2\shiro-cache-1.4.0-RC2.jar;D:\Program Files\Apache\maven-repository\org\apache\shiro\shiro-crypto-hash\1.4.0-RC2\shiro-crypto-hash-1.4.0-RC2.jar;D:\Program Files\Apache\maven-repository\org\apache\shiro\shiro-crypto-core\1.4.0-RC2\shiro-crypto-core-1.4.0-RC2.jar;D:\Program Files\Apache\maven-repository\org\apache\shiro\shiro-crypto-cipher\1.4.0-RC2\shiro-crypto-cipher-1.4.0-RC2.jar;D:\Program Files\Apache\maven-repository\org\apache\shiro\shiro-config-core\1.4.0-RC2\shiro-config-core-1.4.0-RC2.jar;D:\Program Files\Apache\maven-repository\org\apache\shiro\shiro-config-ogdl\1.4.0-RC2\shiro-config-ogdl-1.4.0-RC2.jar;D:\Program Files\Apache\maven-repository\commons-beanutils\commons-beanutils\1.9.3\commons-beanutils-1.9.3.jar;D:\Program Files\Apache\maven-repository\commons-collections\commons-collections\3.2.2\commons-collections-3.2.2.jar;D:\Program Files\Apache\maven-repository\org\apache\shiro\shiro-event\1.4.0-RC2\shiro-event-1.4.0-RC2.jar;D:\Program Files\Apache\maven-repository\org\apache\shiro\shiro-web\1.4.0-RC2\shiro-web-1.4.0-RC2.jar;D:\Program Files\Apache\maven-repository\io\springfox\springfox-swagger2\2.9.2\springfox-swagger2-2.9.2.jar;D:\Program Files\Apache\maven-repository\io\swagger\swagger-annotations\1.5.20\swagger-annotations-1.5.20.jar;D:\Program Files\Apache\maven-repository\io\swagger\swagger-models\1.5.20\swagger-models-1.5.20.jar;D:\Program Files\Apache\maven-repository\io\springfox\springfox-spi\2.9.2\springfox-spi-2.9.2.jar;D:\Program Files\Apache\maven-repository\io\springfox\springfox-core\2.9.2\springfox-core-2.9.2.jar;D:\Program Files\Apache\maven-repository\io\springfox\springfox-schema\2.9.2\springfox-schema-2.9.2.jar;D:\Program Files\Apache\maven-repository\io\springfox\springfox-swagger-common\2.9.2\springfox-swagger-common-2.9.2.jar;D:\Program Files\Apache\maven-repository\io\springfox\springfox-spring-web\2.9.2\springfox-spring-web-2.9.2.jar;D:\Program Files\Apache\maven-repository\com\google\guava\guava\20.0\guava-20.0.jar;D:\Program Files\Apache\maven-repository\com\fasterxml\classmate\1.3.4\classmate-1.3.4.jar;D:\Program Files\Apache\maven-repository\org\springframework\plugin\spring-plugin-core\1.2.0.RELEASE\spring-plugin-core-1.2.0.RELEASE.jar;D:\Program Files\Apache\maven-repository\org\springframework\plugin\spring-plugin-metadata\1.2.0.RELEASE\spring-plugin-metadata-1.2.0.RELEASE.jar;D:\Program Files\Apache\maven-repository\org\mapstruct\mapstruct\1.2.0.Final\mapstruct-1.2.0.Final.jar;D:\Program Files\Apache\maven-repository\io\springfox\springfox-swagger-ui\2.9.2\springfox-swagger-ui-2.9.2.jar;D:\Program Files\Apache\maven-repository\org\springframework\boot\spring-boot-starter-data-redis\2.0.3.RELEASE\spring-boot-starter-data-redis-2.0.3.RELEASE.jar;D:\Program Files\Apache\maven-repository\org\springframework\data\spring-data-redis\2.0.8.RELEASE\spring-data-redis-2.0.8.RELEASE.jar;D:\Program Files\Apache\maven-repository\org\springframework\data\spring-data-keyvalue\2.0.8.RELEASE\spring-data-keyvalue-2.0.8.RELEASE.jar;D:\Program Files\Apache\maven-repository\org\springframework\data\spring-data-commons\2.0.8.RELEASE\spring-data-commons-2.0.8.RELEASE.jar;D:\Program Files\Apache\maven-repository\org\springframework\spring-oxm\5.0.7.RELEASE\spring-oxm-5.0.7.RELEASE.jar;D:\Program Files\Apache\maven-repository\io\lettuce\lettuce-core\5.0.4.RELEASE\lettuce-core-5.0.4.RELEASE.jar;D:\Program Files\Apache\maven-repository\io\projectreactor\reactor-core\3.1.8.RELEASE\reactor-core-3.1.8.RELEASE.jar;D:\Program Files\Apache\maven-repository\org\reactivestreams\reactive-streams\1.0.2\reactive-streams-1.0.2.jar;D:\Program Files\Apache\maven-repository\io\netty\netty-common\4.1.25.Final\netty-common-4.1.25.Final.jar;D:\Program Files\Apache\maven-repository\io\netty\netty-transport\4.1.25.Final\netty-transport-4.1.25.Final.jar;D:\Program Files\Apache\maven-repository\io\netty\netty-buffer\4.1.25.Final\netty-buffer-4.1.25.Final.jar;D:\Program Files\Apache\maven-repository\io\netty\netty-resolver\4.1.25.Final\netty-resolver-4.1.25.Final.jar;D:\Program Files\Apache\maven-repository\io\netty\netty-handler\4.1.25.Final\netty-handler-4.1.25.Final.jar;D:\Program Files\Apache\maven-repository\io\netty\netty-codec\4.1.25.Final\netty-codec-4.1.25.Final.jar;D:\Program Files\Apache\maven-repository\org\apache\commons\commons-pool2\2.5.0\commons-pool2-2.5.0.jar;D:\Program Files\Apache\maven-repository\org\jeecgframework\boot\codegenerate\1.0.2\codegenerate-1.0.2.jar;D:\Program Files\Apache\maven-repository\org\postgresql\postgresql\42.2.2\postgresql-42.2.2.jar;D:\Program Files\Apache\maven-repository\org\jeecgframework\autopoi-web\1.0.2\autopoi-web-1.0.2.jar;D:\Program Files\Apache\maven-repository\org\jeecgframework\autopoi\1.0.2\autopoi-1.0.2.jar;D:\Program Files\Apache\maven-repository\org\apache\poi\poi\3.9\poi-3.9.jar;D:\Program Files\Apache\maven-repository\org\apache\poi\poi-ooxml\3.9\poi-ooxml-3.9.jar;D:\Program Files\Apache\maven-repository\org\apache\poi\poi-ooxml-schemas\3.9\poi-ooxml-schemas-3.9.jar;D:\Program Files\Apache\maven-repository\org\apache\xmlbeans\xmlbeans\2.3.0\xmlbeans-2.3.0.jar;D:\Program Files\Apache\maven-repository\stax\stax-api\1.0.1\stax-api-1.0.1.jar;D:\Program Files\Apache\maven-repository\xerces\xercesImpl\2.9.1\xercesImpl-2.9.1.jar;D:\Program Files\Apache\maven-repository\xml-apis\xml-apis\1.4.01\xml-apis-1.4.01.jar;D:\Program Files\Apache\maven-repository\org\apache\poi\poi-scratchpad\3.9\poi-scratchpad-3.9.jar;D:\Program Files\Apache\maven-repository\org\apache\commons\commons-lang3\3.7\commons-lang3-3.7.jar;D:\Program Files\Apache\maven-repository\org\hibernate\hibernate-core\4.1.0.Final\hibernate-core-4.1.0.Final.jar;D:\Program Files\Apache\maven-repository\antlr\antlr\2.7.7\antlr-2.7.7.jar;D:\Program Files\Apache\maven-repository\org\jboss\spec\javax\transaction\jboss-transaction-api_1.1_spec\1.0.0.Final\jboss-transaction-api_1.1_spec-1.0.0.Final.jar;D:\Program Files\Apache\maven-repository\dom4j\dom4j\1.6.1\dom4j-1.6.1.jar;D:\Program Files\Apache\maven-repository\org\hibernate\javax\persistence\hibernate-jpa-2.0-api\1.0.1.Final\hibernate-jpa-2.0-api-1.0.1.Final.jar;D:\Program Files\Apache\maven-repository\org\jboss\logging\jboss-logging\3.3.2.Final\jboss-logging-3.3.2.Final.jar;D:\Program Files\Apache\maven-repository\org\javassist\javassist\3.15.0-GA\javassist-3.15.0-GA.jar;D:\Program Files\Apache\maven-repository\org\hibernate\common\hibernate-commons-annotations\4.0.1.Final\hibernate-commons-annotations-4.0.1.Final.jar;, user.name=Administrator, java.vm.specification.version=1.8, sun.java.command=C:\Users\Administrator\AppData\Local\Temp\surefire7580997979412651060\surefirebooter3612959542580758463.jar C:\Users\Administrator\AppData\Local\Temp\surefire7580997979412651060 2019-07-12T15-32-39_765-jvmRun1 surefire3828340663678153796tmp surefire_05732523526919294978tmp, java.home=D:\Program Files\Java\jdk1.8.0_202\jre, sun.arch.data.model=64, user.language=zh, java.specification.vendor=Oracle Corporation, awt.toolkit=sun.awt.windows.WToolkit, idea.version2019.1.2=true, java.vm.info=mixed mode, java.version=1.8.0_202, java.ext.dirs=D:\Program Files\Java\jdk1.8.0_202\jre\lib\ext;C:\WINDOWS\Sun\Java\lib\ext, sun.boot.class.path=D:\Program Files\Java\jdk1.8.0_202\jre\lib\resources.jar;D:\Program Files\Java\jdk1.8.0_202\jre\lib\rt.jar;D:\Program Files\Java\jdk1.8.0_202\jre\lib\sunrsasign.jar;D:\Program Files\Java\jdk1.8.0_202\jre\lib\jsse.jar;D:\Program Files\Java\jdk1.8.0_202\jre\lib\jce.jar;D:\Program Files\Java\jdk1.8.0_202\jre\lib\charsets.jar;D:\Program Files\Java\jdk1.8.0_202\jre\lib\jfr.jar;D:\Program Files\Java\jdk1.8.0_202\jre\classes, java.vendor=Oracle Corporation, localRepository=D:\Program Files\Apache\maven-repository, file.separator=\, java.vendor.url.bug=http://bugreport.sun.com/bugreport/, sun.io.unicode.encoding=UnicodeLittle, sun.cpu.endian=little, sun.desktop=windows, sun.cpu.isalist=amd64}}, SystemEnvironmentPropertySource@680779399 {name='systemEnvironment', properties={PATH=C:\Program Files (x86)\Common Files\Oracle\Java\javapath;D:\oracle\product\11.2.0\dbhome_2\bin;C:\WINDOWS\system32;C:\WINDOWS;C:\WINDOWS\System32\Wbem;C:\WINDOWS\System32\WindowsPowerShell\v1.0\;C:\WINDOWS\System32\OpenSSH\;C:\Program Files (x86)\Intel\Intel(R) Management Engine Components\DAL;C:\Program Files\Intel\Intel(R) Management Engine Components\DAL;d:\Program Files\Git\cmd;D:\Program Files\Apache\apache-tomcat-9.0.17\lib;D:\Program Files\Apache\apache-tomcat-9.0.17\bin;D:\Program Files\Java\jdk1.8.0_202\bin;D:\Program Files\Java\jdk1.8.0_202\jre\bin;D:\Program Files\Apache\apache-maven-3.6.0\bin;D:\Program Files\Yarn\bin\;D:\Program Files\mysql-8.0.16\bin;D:\Program Files\nodejs\;D:\Program Files\Redis\;C:\Users\Administrator\AppData\Local\Microsoft\WindowsApps;d:\Program Files\Bandizip\;C:\Users\Administrator\AppData\Local\Yarn\bin;C:\Users\Administrator\AppData\Roaming\npm, USERDOMAIN_ROAMINGPROFILE=WIN-08KCOBIGH5B, LOCALAPPDATA=C:\Users\Administrator\AppData\Local, PROCESSOR_LEVEL=6, SYSTEMDRIVE=C:, COMMONPROGRAMFILES(X86)=C:\Program Files (x86)\Common Files, USERDOMAIN=WIN-08KCOBIGH5B, LOGONSERVER=\\WIN-08KCOBIGH5B, JAVA_HOME=D:\Program Files\Java\jdk1.8.0_202, PROMPT=$P$G, SESSIONNAME=Console, ALLUSERSPROFILE=C:\ProgramData, PROGRAMFILES(X86)=C:\Program Files (x86), PROCESSOR_ARCHITECTURE=AMD64, DRIVERDATA=C:\Windows\System32\Drivers\DriverData, MAVEN_HOME=D:\Program Files\Apache\apache-maven-3.6.0, PROGRAMFILES=C:\Program Files, APPDATA=C:\Users\Administrator\AppData\Roaming, PSMODULEPATH=C:\Program Files\WindowsPowerShell\Modules;C:\WINDOWS\system32\WindowsPowerShell\v1.0\Modules, PROGRAMW6432=C:\Program Files, PROGRAMDATA=C:\ProgramData, SYSTEMROOT=C:\WINDOWS, USERNAME=Administrator, ONEDRIVE=C:\Users\Administrator\OneDrive, PATHEXT=.COM;.EXE;.BAT;.CMD;.VBS;.VBE;.JS;.JSE;.WSF;.WSH;.MSC, OS=Windows_NT, COMMONPROGRAMW6432=C:\Program Files\Common Files, COMPUTERNAME=WIN-08KCOBIGH5B, COMMONPROGRAMFILES=C:\Program Files\Common Files, COMSPEC=C:\WINDOWS\system32\cmd.exe, CATALINA_HOME=D:\Program Files\Apache\apache-tomcat-9.0.17, PROCESSOR_REVISION=5e03, WINDIR=C:\WINDOWS, =D:=D:\IdeaProjects\jeecg-boot, HOMEPATH=\Users\Administrator, TEMP=C:\Users\Administrator\AppData\Local\Temp, HOMEDRIVE=C:, PROCESSOR_IDENTIFIER=Intel64 Family 6 Model 94 Stepping 3, GenuineIntel, USERPROFILE=C:\Users\Administrator, TMP=C:\Users\Administrator\AppData\Local\Temp, PUBLIC=C:\Users\Public, NUMBER_OF_PROCESSORS=4, =::=::\}}]
15:32:42.020 [main] DEBUG org.springframework.core.io.support.PathMatchingResourcePatternResolver - Resolved classpath location [org/jeecg/] to resources [URL [file:/D:/IdeaProjects/jeecg-boot/target/test-classes/org/jeecg/], URL [file:/D:/IdeaProjects/jeecg-boot/target/classes/org/jeecg/]]
15:32:42.020 [main] DEBUG org.springframework.core.io.support.PathMatchingResourcePatternResolver - Looking for matching resources in directory tree [D:\IdeaProjects\jeecg-boot\target\test-classes\org\jeecg]
15:32:42.021 [main] DEBUG org.springframework.core.io.support.PathMatchingResourcePatternResolver - Searching directory [D:\IdeaProjects\jeecg-boot\target\test-classes\org\jeecg] for files matching pattern [D:/IdeaProjects/jeecg-boot/target/test-classes/org/jeecg/*.class]
15:32:42.023 [main] DEBUG org.springframework.core.io.support.PathMatchingResourcePatternResolver - Looking for matching resources in directory tree [D:\IdeaProjects\jeecg-boot\target\classes\org\jeecg]
15:32:42.024 [main] DEBUG org.springframework.core.io.support.PathMatchingResourcePatternResolver - Searching directory [D:\IdeaProjects\jeecg-boot\target\classes\org\jeecg] for files matching pattern [D:/IdeaProjects/jeecg-boot/target/classes/org/jeecg/*.class]
15:32:42.025 [main] DEBUG org.springframework.core.io.support.PathMatchingResourcePatternResolver - Resolved location pattern [classpath*:org/jeecg/*.class] to resources [file [D:\IdeaProjects\jeecg-boot\target\test-classes\org\jeecg\SampleTest.class], file [D:\IdeaProjects\jeecg-boot\target\classes\org\jeecg\DemoApplication.class], file [D:\IdeaProjects\jeecg-boot\target\classes\org\jeecg\JeecgApplication.class], file [D:\IdeaProjects\jeecg-boot\target\classes\org\jeecg\JeecgOneGUI.class], file [D:\IdeaProjects\jeecg-boot\target\classes\org\jeecg\JeecgOneToMainUtil.class]]
15:32:42.093 [main] DEBUG org.springframework.context.annotation.ClassPathScanningCandidateComponentProvider - Identified candidate component class: file [D:\IdeaProjects\jeecg-boot\target\classes\org\jeecg\DemoApplication.class]
15:32:42.098 [main] DEBUG org.springframework.context.annotation.ClassPathScanningCandidateComponentProvider - Identified candidate component class: file [D:\IdeaProjects\jeecg-boot\target\classes\org\jeecg\JeecgApplication.class]
]]></system-out>
  </testcase>
</testsuite>